CRITICAL - 2024-04-26 03:21:14 --> CodeIgniter\HTTP\Exceptions\BadRequestException: The URI you submitted has disallowed characters: "<"
in SYSTEMPATH\Router\Router.php on line 704.
 1 SYSTEMPATH\Router\Router.php(195): CodeIgniter\Router\Router->checkDisallowedChars('<')
 2 SYSTEMPATH\CodeIgniter.php(825): CodeIgniter\Router\Router->handle('<')
 3 SYSTEMPATH\CodeIgniter.php(450): CodeIgniter\CodeIgniter->tryToRouteIt(Object(CodeIgniter\Router\RouteCollection))
 4 SYSTEMPATH\CodeIgniter.php(361): CodeIgniter\CodeIgniter->handleRequest(null, Object(Config\Cache), false)
 5 FCPATH\index.php(79): CodeIgniter\CodeIgniter->run()
CRITICAL - 2024-04-26 03:23:03 --> CodeIgniter\HTTP\Exceptions\BadRequestException: The URI you submitted has disallowed characters: "<"
in SYSTEMPATH\Router\Router.php on line 704.
 1 SYSTEMPATH\Router\Router.php(195): CodeIgniter\Router\Router->checkDisallowedChars('<')
 2 SYSTEMPATH\CodeIgniter.php(825): CodeIgniter\Router\Router->handle('<')
 3 SYSTEMPATH\CodeIgniter.php(450): CodeIgniter\CodeIgniter->tryToRouteIt(Object(CodeIgniter\Router\RouteCollection))
 4 SYSTEMPATH\CodeIgniter.php(361): CodeIgniter\CodeIgniter->handleRequest(null, Object(Config\Cache), false)
 5 FCPATH\index.php(79): CodeIgniter\CodeIgniter->run()
CRITICAL - 2024-04-26 06:12:00 --> Error: Class "App\Controllers\ClubMemberModel" not found
in APPPATH\Controllers\Login.php on line 14.
 1 SYSTEMPATH\CodeIgniter.php(943): App\Controllers\Login->login()
 2 SYSTEMPATH\CodeIgniter.php(503): CodeIgniter\CodeIgniter->runController(Object(App\Controllers\Login))
 3 SYSTEMPATH\CodeIgniter.php(361): CodeIgniter\CodeIgniter->handleRequest(null, Object(Config\Cache), false)
 4 FCPATH\index.php(79): CodeIgniter\CodeIgniter->run()
INFO - 2024-04-26 06:13:16 --> Session: Class initialized using 'CodeIgniter\Session\Handlers\FileHandler' driver.
ERROR - 2024-04-26 16:41:13 --> Error connecting to the database: mysqli_sql_exception: No connection could be made because the target machine actively refused it in C:\xampp\htdocs\WeFit\wefitapp\system\Database\MySQLi\Connection.php:184
Stack trace:
#0 C:\xampp\htdocs\WeFit\wefitapp\system\Database\MySQLi\Connection.php(184): mysqli->real_connect('localhost', 'root', Object(SensitiveParameterValue), 'wefit_db', 3306, '', 0)
#1 C:\xampp\htdocs\WeFit\wefitapp\system\Database\BaseConnection.php(392): CodeIgniter\Database\MySQLi\Connection->connect(false)
#2 C:\xampp\htdocs\WeFit\wefitapp\system\Database\BaseConnection.php(575): CodeIgniter\Database\BaseConnection->initialize()
#3 C:\xampp\htdocs\WeFit\wefitapp\system\Database\BaseBuilder.php(1616): CodeIgniter\Database\BaseConnection->query('SELECT *\nFROM `...', Array, false)
#4 C:\xampp\htdocs\WeFit\wefitapp\system\Model.php(271): CodeIgniter\Database\BaseBuilder->get()
#5 C:\xampp\htdocs\WeFit\wefitapp\system\BaseModel.php(676): CodeIgniter\Model->doFirst()
#6 C:\xampp\htdocs\WeFit\wefitapp\app\Models\ClubMemberModel.php(22): CodeIgniter\BaseModel->first()
#7 C:\xampp\htdocs\WeFit\wefitapp\app\Controllers\Login.php(22): App\Models\ClubMemberModel->validateLogin('test@gmail.com', 'Passw0rd!')
#8 C:\xampp\htdocs\WeFit\wefitapp\system\CodeIgniter.php(943): App\Controllers\Login->login()
#9 C:\xampp\htdocs\WeFit\wefitapp\system\CodeIgniter.php(503): CodeIgniter\CodeIgniter->runController(Object(App\Controllers\Login))
#10 C:\xampp\htdocs\WeFit\wefitapp\system\CodeIgniter.php(361): CodeIgniter\CodeIgniter->handleRequest(NULL, Object(Config\Cache), false)
#11 C:\xampp\htdocs\WeFit\wefitapp\public\index.php(79): CodeIgniter\CodeIgniter->run()
#12 {main}

Next CodeIgniter\Database\Exceptions\DatabaseException: No connection could be made because the target machine actively refused it in C:\xampp\htdocs\WeFit\wefitapp\system\Database\MySQLi\Connection.php:229
Stack trace:
#0 C:\xampp\htdocs\WeFit\wefitapp\system\Database\BaseConnection.php(392): CodeIgniter\Database\MySQLi\Connection->connect(false)
#1 C:\xampp\htdocs\WeFit\wefitapp\system\Database\BaseConnection.php(575): CodeIgniter\Database\BaseConnection->initialize()
#2 C:\xampp\htdocs\WeFit\wefitapp\system\Database\BaseBuilder.php(1616): CodeIgniter\Database\BaseConnection->query('SELECT *\nFROM `...', Array, false)
#3 C:\xampp\htdocs\WeFit\wefitapp\system\Model.php(271): CodeIgniter\Database\BaseBuilder->get()
#4 C:\xampp\htdocs\WeFit\wefitapp\system\BaseModel.php(676): CodeIgniter\Model->doFirst()
#5 C:\xampp\htdocs\WeFit\wefitapp\app\Models\ClubMemberModel.php(22): CodeIgniter\BaseModel->first()
#6 C:\xampp\htdocs\WeFit\wefitapp\app\Controllers\Login.php(22): App\Models\ClubMemberModel->validateLogin('test@gmail.com', 'Passw0rd!')
#7 C:\xampp\htdocs\WeFit\wefitapp\system\CodeIgniter.php(943): App\Controllers\Login->login()
#8 C:\xampp\htdocs\WeFit\wefitapp\system\CodeIgniter.php(503): CodeIgniter\CodeIgniter->runController(Object(App\Controllers\Login))
#9 C:\xampp\htdocs\WeFit\wefitapp\system\CodeIgniter.php(361): CodeIgniter\CodeIgniter->handleRequest(NULL, Object(Config\Cache), false)
#10 C:\xampp\htdocs\WeFit\wefitapp\public\index.php(79): CodeIgniter\CodeIgniter->run()
#11 {main}
CRITICAL - 2024-04-26 16:41:13 --> CodeIgniter\Database\Exceptions\DatabaseException: Unable to connect to the database.
Main connection [MySQLi]: No connection could be made because the target machine actively refused it
in SYSTEMPATH\Database\BaseConnection.php on line 428.
 1 SYSTEMPATH\Database\BaseConnection.php(575): CodeIgniter\Database\BaseConnection->initialize()
 2 SYSTEMPATH\Database\BaseBuilder.php(1616): CodeIgniter\Database\BaseConnection->query('SELECT *
FROM `clubmember`
WHERE `Email` = :Email:
 LIMIT 1', [...], false)
 3 SYSTEMPATH\Model.php(271): CodeIgniter\Database\BaseBuilder->get()
 4 SYSTEMPATH\BaseModel.php(676): CodeIgniter\Model->doFirst()
 5 APPPATH\Models\ClubMemberModel.php(22): CodeIgniter\BaseModel->first()
 6 APPPATH\Controllers\Login.php(22): App\Models\ClubMemberModel->validateLogin('test@gmail.com', 'Passw0rd!')
 7 SYSTEMPATH\CodeIgniter.php(943): App\Controllers\Login->login()
 8 SYSTEMPATH\CodeIgniter.php(503): CodeIgniter\CodeIgniter->runController(Object(App\Controllers\Login))
 9 SYSTEMPATH\CodeIgniter.php(361): CodeIgniter\CodeIgniter->handleRequest(null, Object(Config\Cache), false)
10 FCPATH\index.php(79): CodeIgniter\CodeIgniter->run()
INFO - 2024-04-26 19:39:04 --> Session: Class initialized using 'CodeIgniter\Session\Handlers\FileHandler' driver.
INFO - 2024-04-26 19:39:27 --> Session: Class initialized using 'CodeIgniter\Session\Handlers\FileHandler' driver.
ERROR - 2024-04-26 19:39:27 --> mysqli_sql_exception: Cannot add or update a child row: a foreign key constraint fails (`wefit_db`.`appointment`, CONSTRAINT `appointment_ibfk_2` FOREIGN KEY (`StaffID`) REFERENCES `staff` (`StaffID`)) in C:\xampp\htdocs\WeFit\wefitapp\system\Database\MySQLi\Connection.php:306
Stack trace:
#0 C:\xampp\htdocs\WeFit\wefitapp\system\Database\MySQLi\Connection.php(306): mysqli->query('INSERT INTO `ap...', 0)
#1 C:\xampp\htdocs\WeFit\wefitapp\system\Database\BaseConnection.php(693): CodeIgniter\Database\MySQLi\Connection->execute('INSERT INTO `ap...')
#2 C:\xampp\htdocs\WeFit\wefitapp\system\Database\BaseConnection.php(607): CodeIgniter\Database\BaseConnection->simpleQuery('INSERT INTO `ap...')
#3 C:\xampp\htdocs\WeFit\wefitapp\system\Database\BaseBuilder.php(2307): CodeIgniter\Database\BaseConnection->query('INSERT INTO `ap...', Array, false)
#4 C:\xampp\htdocs\WeFit\wefitapp\system\Model.php(327): CodeIgniter\Database\BaseBuilder->insert()
#5 C:\xampp\htdocs\WeFit\wefitapp\system\BaseModel.php(802): CodeIgniter\Model->doInsert(Array)
#6 C:\xampp\htdocs\WeFit\wefitapp\system\Model.php(749): CodeIgniter\BaseModel->insert(Array, true)
#7 C:\xampp\htdocs\WeFit\wefitapp\app\Models\AppointmentModel.php(16): CodeIgniter\Model->insert(Array)
#8 C:\xampp\htdocs\WeFit\wefitapp\app\Controllers\AppointmentsController.php(59): App\Models\AppointmentModel->bookAppointment(Array)
#9 C:\xampp\htdocs\WeFit\wefitapp\system\CodeIgniter.php(943): App\Controllers\AppointmentsController->bookAppointment()
#10 C:\xampp\htdocs\WeFit\wefitapp\system\CodeIgniter.php(503): CodeIgniter\CodeIgniter->runController(Object(App\Controllers\AppointmentsController))
#11 C:\xampp\htdocs\WeFit\wefitapp\system\CodeIgniter.php(361): CodeIgniter\CodeIgniter->handleRequest(NULL, Object(Config\Cache), false)
#12 C:\xampp\htdocs\WeFit\wefitapp\public\index.php(79): CodeIgniter\CodeIgniter->run()
#13 {main}
CRITICAL - 2024-04-26 19:39:27 --> CodeIgniter\Database\Exceptions\DatabaseException: Cannot add or update a child row: a foreign key constraint fails (`wefit_db`.`appointment`, CONSTRAINT `appointment_ibfk_2` FOREIGN KEY (`StaffID`) REFERENCES `staff` (`StaffID`))
in SYSTEMPATH\Database\BaseConnection.php on line 647.
 1 SYSTEMPATH\Database\BaseBuilder.php(2307): CodeIgniter\Database\BaseConnection->query('INSERT INTO `appointment` (`MemberID`, `ServiceID`, `AppointmentDate`, `AppointmentTime`, `Details`) VALUES (:MemberID:, :ServiceID:, :AppointmentDate:, :AppointmentTime:, :Details:)', [...], false)
 2 SYSTEMPATH\Model.php(327): CodeIgniter\Database\BaseBuilder->insert()
 3 SYSTEMPATH\BaseModel.php(802): CodeIgniter\Model->doInsert([...])
 4 SYSTEMPATH\Model.php(749): CodeIgniter\BaseModel->insert([...], true)
 5 APPPATH\Models\AppointmentModel.php(16): CodeIgniter\Model->insert([...])
 6 APPPATH\Controllers\AppointmentsController.php(59): App\Models\AppointmentModel->bookAppointment([...])
 7 SYSTEMPATH\CodeIgniter.php(943): App\Controllers\AppointmentsController->bookAppointment()
 8 SYSTEMPATH\CodeIgniter.php(503): CodeIgniter\CodeIgniter->runController(Object(App\Controllers\AppointmentsController))
 9 SYSTEMPATH\CodeIgniter.php(361): CodeIgniter\CodeIgniter->handleRequest(null, Object(Config\Cache), false)
10 FCPATH\index.php(79): CodeIgniter\CodeIgniter->run()
CRITICAL - 2024-04-26 19:39:27 --> [Caused by] CodeIgniter\Database\Exceptions\DatabaseException: Cannot add or update a child row: a foreign key constraint fails (`wefit_db`.`appointment`, CONSTRAINT `appointment_ibfk_2` FOREIGN KEY (`StaffID`) REFERENCES `staff` (`StaffID`))
in SYSTEMPATH\Database\MySQLi\Connection.php on line 311.
 1 SYSTEMPATH\Database\BaseConnection.php(693): CodeIgniter\Database\MySQLi\Connection->execute('INSERT INTO `appointment` (`MemberID`, `ServiceID`, `AppointmentDate`, `AppointmentTime`, `Details`) VALUES (\'1\', 9, NULL, NULL, NULL)')
 2 SYSTEMPATH\Database\BaseConnection.php(607): CodeIgniter\Database\BaseConnection->simpleQuery('INSERT INTO `appointment` (`MemberID`, `ServiceID`, `AppointmentDate`, `AppointmentTime`, `Details`) VALUES (\'1\', 9, NULL, NULL, NULL)')
 3 SYSTEMPATH\Database\BaseBuilder.php(2307): CodeIgniter\Database\BaseConnection->query('INSERT INTO `appointment` (`MemberID`, `ServiceID`, `AppointmentDate`, `AppointmentTime`, `Details`) VALUES (:MemberID:, :ServiceID:, :AppointmentDate:, :AppointmentTime:, :Details:)', [...], false)
 4 SYSTEMPATH\Model.php(327): CodeIgniter\Database\BaseBuilder->insert()
 5 SYSTEMPATH\BaseModel.php(802): CodeIgniter\Model->doInsert([...])
 6 SYSTEMPATH\Model.php(749): CodeIgniter\BaseModel->insert([...], true)
 7 APPPATH\Models\AppointmentModel.php(16): CodeIgniter\Model->insert([...])
 8 APPPATH\Controllers\AppointmentsController.php(59): App\Models\AppointmentModel->bookAppointment([...])
 9 SYSTEMPATH\CodeIgniter.php(943): App\Controllers\AppointmentsController->bookAppointment()
10 SYSTEMPATH\CodeIgniter.php(503): CodeIgniter\CodeIgniter->runController(Object(App\Controllers\AppointmentsController))
11 SYSTEMPATH\CodeIgniter.php(361): CodeIgniter\CodeIgniter->handleRequest(null, Object(Config\Cache), false)
12 FCPATH\index.php(79): CodeIgniter\CodeIgniter->run()
CRITICAL - 2024-04-26 19:39:27 --> [Caused by] mysqli_sql_exception: Cannot add or update a child row: a foreign key constraint fails (`wefit_db`.`appointment`, CONSTRAINT `appointment_ibfk_2` FOREIGN KEY (`StaffID`) REFERENCES `staff` (`StaffID`))
in SYSTEMPATH\Database\MySQLi\Connection.php on line 306.
 1 SYSTEMPATH\Database\MySQLi\Connection.php(306): mysqli->query('INSERT INTO `appointment` (`MemberID`, `ServiceID`, `AppointmentDate`, `AppointmentTime`, `Details`) VALUES (\'1\', 9, NULL, NULL, NULL)', 0)
 2 SYSTEMPATH\Database\BaseConnection.php(693): CodeIgniter\Database\MySQLi\Connection->execute('INSERT INTO `appointment` (`MemberID`, `ServiceID`, `AppointmentDate`, `AppointmentTime`, `Details`) VALUES (\'1\', 9, NULL, NULL, NULL)')
 3 SYSTEMPATH\Database\BaseConnection.php(607): CodeIgniter\Database\BaseConnection->simpleQuery('INSERT INTO `appointment` (`MemberID`, `ServiceID`, `AppointmentDate`, `AppointmentTime`, `Details`) VALUES (\'1\', 9, NULL, NULL, NULL)')
 4 SYSTEMPATH\Database\BaseBuilder.php(2307): CodeIgniter\Database\BaseConnection->query('INSERT INTO `appointment` (`MemberID`, `ServiceID`, `AppointmentDate`, `AppointmentTime`, `Details`) VALUES (:MemberID:, :ServiceID:, :AppointmentDate:, :AppointmentTime:, :Details:)', [...], false)
 5 SYSTEMPATH\Model.php(327): CodeIgniter\Database\BaseBuilder->insert()
 6 SYSTEMPATH\BaseModel.php(802): CodeIgniter\Model->doInsert([...])
 7 SYSTEMPATH\Model.php(749): CodeIgniter\BaseModel->insert([...], true)
 8 APPPATH\Models\AppointmentModel.php(16): CodeIgniter\Model->insert([...])
 9 APPPATH\Controllers\AppointmentsController.php(59): App\Models\AppointmentModel->bookAppointment([...])
10 SYSTEMPATH\CodeIgniter.php(943): App\Controllers\AppointmentsController->bookAppointment()
11 SYSTEMPATH\CodeIgniter.php(503): CodeIgniter\CodeIgniter->runController(Object(App\Controllers\AppointmentsController))
12 SYSTEMPATH\CodeIgniter.php(361): CodeIgniter\CodeIgniter->handleRequest(null, Object(Config\Cache), false)
13 FCPATH\index.php(79): CodeIgniter\CodeIgniter->run()
INFO - 2024-04-26 19:46:40 --> Session: Class initialized using 'CodeIgniter\Session\Handlers\FileHandler' driver.
INFO - 2024-04-26 19:46:52 --> Session: Class initialized using 'CodeIgniter\Session\Handlers\FileHandler' driver.
INFO - 2024-04-26 19:56:06 --> Session: Class initialized using 'CodeIgniter\Session\Handlers\FileHandler' driver.
INFO - 2024-04-26 19:56:31 --> Session: Class initialized using 'CodeIgniter\Session\Handlers\FileHandler' driver.
INFO - 2024-04-26 20:03:10 --> Session: Class initialized using 'CodeIgniter\Session\Handlers\FileHandler' driver.
INFO - 2024-04-26 20:03:29 --> Session: Class initialized using 'CodeIgniter\Session\Handlers\FileHandler' driver.
WARNING - 2024-04-26 20:03:29 --> [DEPRECATED] substr_replace(): Passing null to parameter #1 ($string) of type array|string is deprecated in APPPATH\Controllers\AppointmentsController.php on line 49.
 1 APPPATH\Controllers\AppointmentsController.php(49): substr_replace(null, ':', -2, 0)
 2 SYSTEMPATH\CodeIgniter.php(943): App\Controllers\AppointmentsController->bookAppointment()
 3 SYSTEMPATH\CodeIgniter.php(503): CodeIgniter\CodeIgniter->runController(Object(App\Controllers\AppointmentsController))
 4 SYSTEMPATH\CodeIgniter.php(361): CodeIgniter\CodeIgniter->handleRequest(null, Object(Config\Cache), false)
 5 FCPATH\index.php(79): CodeIgniter\CodeIgniter->run()
WARNING - 2024-04-26 20:03:29 --> [DEPRECATED] strtotime(): Passing null to parameter #1 ($datetime) of type string is deprecated in APPPATH\Controllers\AppointmentsController.php on line 56.
 1 APPPATH\Controllers\AppointmentsController.php(56): strtotime(null)
 2 SYSTEMPATH\CodeIgniter.php(943): App\Controllers\AppointmentsController->bookAppointment()
 3 SYSTEMPATH\CodeIgniter.php(503): CodeIgniter\CodeIgniter->runController(Object(App\Controllers\AppointmentsController))
 4 SYSTEMPATH\CodeIgniter.php(361): CodeIgniter\CodeIgniter->handleRequest(null, Object(Config\Cache), false)
 5 FCPATH\index.php(79): CodeIgniter\CodeIgniter->run()
INFO - 2024-04-26 20:08:28 --> Session: Class initialized using 'CodeIgniter\Session\Handlers\FileHandler' driver.
INFO - 2024-04-26 20:08:52 --> Session: Class initialized using 'CodeIgniter\Session\Handlers\FileHandler' driver.
INFO - 2024-04-26 21:32:39 --> Session: Class initialized using 'CodeIgniter\Session\Handlers\FileHandler' driver.
ERROR - 2024-04-26 22:23:17 --> mysqli_sql_exception: Table 'wefit_db.services' doesn't exist in C:\xampp\htdocs\WeFit\wefitapp\system\Database\MySQLi\Connection.php:306
Stack trace:
#0 C:\xampp\htdocs\WeFit\wefitapp\system\Database\MySQLi\Connection.php(306): mysqli->query('SELECT `appoint...', 0)
#1 C:\xampp\htdocs\WeFit\wefitapp\system\Database\BaseConnection.php(693): CodeIgniter\Database\MySQLi\Connection->execute('SELECT `appoint...')
#2 C:\xampp\htdocs\WeFit\wefitapp\system\Database\BaseConnection.php(607): CodeIgniter\Database\BaseConnection->simpleQuery('SELECT `appoint...')
#3 C:\xampp\htdocs\WeFit\wefitapp\system\Database\BaseBuilder.php(1616): CodeIgniter\Database\BaseConnection->query('SELECT `appoint...', Array, false)
#4 C:\xampp\htdocs\WeFit\wefitapp\system\Model.php(243): CodeIgniter\Database\BaseBuilder->get()
#5 C:\xampp\htdocs\WeFit\wefitapp\system\BaseModel.php(638): CodeIgniter\Model->doFindAll(0, 0)
#6 C:\xampp\htdocs\WeFit\wefitapp\app\Models\AppointmentModel.php(26): CodeIgniter\BaseModel->findAll()
#7 C:\xampp\htdocs\WeFit\wefitapp\app\Controllers\ClubMemberDashboard.php(14): App\Models\AppointmentModel->viewAppointments()
#8 C:\xampp\htdocs\WeFit\wefitapp\system\CodeIgniter.php(943): App\Controllers\ClubMemberDashboard->index()
#9 C:\xampp\htdocs\WeFit\wefitapp\system\CodeIgniter.php(503): CodeIgniter\CodeIgniter->runController(Object(App\Controllers\ClubMemberDashboard))
#10 C:\xampp\htdocs\WeFit\wefitapp\system\CodeIgniter.php(361): CodeIgniter\CodeIgniter->handleRequest(NULL, Object(Config\Cache), false)
#11 C:\xampp\htdocs\WeFit\wefitapp\public\index.php(79): CodeIgniter\CodeIgniter->run()
#12 {main}
CRITICAL - 2024-04-26 22:23:17 --> CodeIgniter\Database\Exceptions\DatabaseException: Table 'wefit_db.services' doesn't exist
in SYSTEMPATH\Database\BaseConnection.php on line 647.
 1 SYSTEMPATH\Database\BaseBuilder.php(1616): CodeIgniter\Database\BaseConnection->query('SELECT `appointment`.*, `services`.`ServiceName`, `staff`.`FirstName`, `staff`.`LastName`
FROM `appointment`
JOIN `services` ON `services`.`ServiceID` = `appointment`.`ServiceID`
JOIN `staff` ON `staff`.`StaffID` = `appointment`.`StaffID`
WHERE `AppointmentDate` >= :AppointmentDate:', [...], false)
 2 SYSTEMPATH\Model.php(243): CodeIgniter\Database\BaseBuilder->get()
 3 SYSTEMPATH\BaseModel.php(638): CodeIgniter\Model->doFindAll(0, 0)
 4 APPPATH\Models\AppointmentModel.php(26): CodeIgniter\BaseModel->findAll()
 5 APPPATH\Controllers\ClubMemberDashboard.php(14): App\Models\AppointmentModel->viewAppointments()
 6 SYSTEMPATH\CodeIgniter.php(943): App\Controllers\ClubMemberDashboard->index()
 7 SYSTEMPATH\CodeIgniter.php(503): CodeIgniter\CodeIgniter->runController(Object(App\Controllers\ClubMemberDashboard))
 8 SYSTEMPATH\CodeIgniter.php(361): CodeIgniter\CodeIgniter->handleRequest(null, Object(Config\Cache), false)
 9 FCPATH\index.php(79): CodeIgniter\CodeIgniter->run()
CRITICAL - 2024-04-26 22:23:17 --> [Caused by] CodeIgniter\Database\Exceptions\DatabaseException: Table 'wefit_db.services' doesn't exist
in SYSTEMPATH\Database\MySQLi\Connection.php on line 311.
 1 SYSTEMPATH\Database\BaseConnection.php(693): CodeIgniter\Database\MySQLi\Connection->execute('SELECT `appointment`.*, `services`.`ServiceName`, `staff`.`FirstName`, `staff`.`LastName`
FROM `appointment`
JOIN `services` ON `services`.`ServiceID` = `appointment`.`ServiceID`
JOIN `staff` ON `staff`.`StaffID` = `appointment`.`StaffID`
WHERE `AppointmentDate` >= \'2024-04-26\'')
 2 SYSTEMPATH\Database\BaseConnection.php(607): CodeIgniter\Database\BaseConnection->simpleQuery('SELECT `appointment`.*, `services`.`ServiceName`, `staff`.`FirstName`, `staff`.`LastName`
FROM `appointment`
JOIN `services` ON `services`.`ServiceID` = `appointment`.`ServiceID`
JOIN `staff` ON `staff`.`StaffID` = `appointment`.`StaffID`
WHERE `AppointmentDate` >= \'2024-04-26\'')
 3 SYSTEMPATH\Database\BaseBuilder.php(1616): CodeIgniter\Database\BaseConnection->query('SELECT `appointment`.*, `services`.`ServiceName`, `staff`.`FirstName`, `staff`.`LastName`
FROM `appointment`
JOIN `services` ON `services`.`ServiceID` = `appointment`.`ServiceID`
JOIN `staff` ON `staff`.`StaffID` = `appointment`.`StaffID`
WHERE `AppointmentDate` >= :AppointmentDate:', [...], false)
 4 SYSTEMPATH\Model.php(243): CodeIgniter\Database\BaseBuilder->get()
 5 SYSTEMPATH\BaseModel.php(638): CodeIgniter\Model->doFindAll(0, 0)
 6 APPPATH\Models\AppointmentModel.php(26): CodeIgniter\BaseModel->findAll()
 7 APPPATH\Controllers\ClubMemberDashboard.php(14): App\Models\AppointmentModel->viewAppointments()
 8 SYSTEMPATH\CodeIgniter.php(943): App\Controllers\ClubMemberDashboard->index()
 9 SYSTEMPATH\CodeIgniter.php(503): CodeIgniter\CodeIgniter->runController(Object(App\Controllers\ClubMemberDashboard))
10 SYSTEMPATH\CodeIgniter.php(361): CodeIgniter\CodeIgniter->handleRequest(null, Object(Config\Cache), false)
11 FCPATH\index.php(79): CodeIgniter\CodeIgniter->run()
CRITICAL - 2024-04-26 22:23:17 --> [Caused by] mysqli_sql_exception: Table 'wefit_db.services' doesn't exist
in SYSTEMPATH\Database\MySQLi\Connection.php on line 306.
 1 SYSTEMPATH\Database\MySQLi\Connection.php(306): mysqli->query('SELECT `appointment`.*, `services`.`ServiceName`, `staff`.`FirstName`, `staff`.`LastName`
FROM `appointment`
JOIN `services` ON `services`.`ServiceID` = `appointment`.`ServiceID`
JOIN `staff` ON `staff`.`StaffID` = `appointment`.`StaffID`
WHERE `AppointmentDate` >= \'2024-04-26\'', 0)
 2 SYSTEMPATH\Database\BaseConnection.php(693): CodeIgniter\Database\MySQLi\Connection->execute('SELECT `appointment`.*, `services`.`ServiceName`, `staff`.`FirstName`, `staff`.`LastName`
FROM `appointment`
JOIN `services` ON `services`.`ServiceID` = `appointment`.`ServiceID`
JOIN `staff` ON `staff`.`StaffID` = `appointment`.`StaffID`
WHERE `AppointmentDate` >= \'2024-04-26\'')
 3 SYSTEMPATH\Database\BaseConnection.php(607): CodeIgniter\Database\BaseConnection->simpleQuery('SELECT `appointment`.*, `services`.`ServiceName`, `staff`.`FirstName`, `staff`.`LastName`
FROM `appointment`
JOIN `services` ON `services`.`ServiceID` = `appointment`.`ServiceID`
JOIN `staff` ON `staff`.`StaffID` = `appointment`.`StaffID`
WHERE `AppointmentDate` >= \'2024-04-26\'')
 4 SYSTEMPATH\Database\BaseBuilder.php(1616): CodeIgniter\Database\BaseConnection->query('SELECT `appointment`.*, `services`.`ServiceName`, `staff`.`FirstName`, `staff`.`LastName`
FROM `appointment`
JOIN `services` ON `services`.`ServiceID` = `appointment`.`ServiceID`
JOIN `staff` ON `staff`.`StaffID` = `appointment`.`StaffID`
WHERE `AppointmentDate` >= :AppointmentDate:', [...], false)
 5 SYSTEMPATH\Model.php(243): CodeIgniter\Database\BaseBuilder->get()
 6 SYSTEMPATH\BaseModel.php(638): CodeIgniter\Model->doFindAll(0, 0)
 7 APPPATH\Models\AppointmentModel.php(26): CodeIgniter\BaseModel->findAll()
 8 APPPATH\Controllers\ClubMemberDashboard.php(14): App\Models\AppointmentModel->viewAppointments()
 9 SYSTEMPATH\CodeIgniter.php(943): App\Controllers\ClubMemberDashboard->index()
10 SYSTEMPATH\CodeIgniter.php(503): CodeIgniter\CodeIgniter->runController(Object(App\Controllers\ClubMemberDashboard))
11 SYSTEMPATH\CodeIgniter.php(361): CodeIgniter\CodeIgniter->handleRequest(null, Object(Config\Cache), false)
12 FCPATH\index.php(79): CodeIgniter\CodeIgniter->run()
INFO - 2024-04-26 22:23:47 --> Session: Class initialized using 'CodeIgniter\Session\Handlers\FileHandler' driver.
ERROR - 2024-04-26 22:23:47 --> mysqli_sql_exception: Table 'wefit_db.services' doesn't exist in C:\xampp\htdocs\WeFit\wefitapp\system\Database\MySQLi\Connection.php:306
Stack trace:
#0 C:\xampp\htdocs\WeFit\wefitapp\system\Database\MySQLi\Connection.php(306): mysqli->query('SELECT `appoint...', 0)
#1 C:\xampp\htdocs\WeFit\wefitapp\system\Database\BaseConnection.php(693): CodeIgniter\Database\MySQLi\Connection->execute('SELECT `appoint...')
#2 C:\xampp\htdocs\WeFit\wefitapp\system\Database\BaseConnection.php(607): CodeIgniter\Database\BaseConnection->simpleQuery('SELECT `appoint...')
#3 C:\xampp\htdocs\WeFit\wefitapp\system\Database\BaseBuilder.php(1616): CodeIgniter\Database\BaseConnection->query('SELECT `appoint...', Array, false)
#4 C:\xampp\htdocs\WeFit\wefitapp\system\Model.php(243): CodeIgniter\Database\BaseBuilder->get()
#5 C:\xampp\htdocs\WeFit\wefitapp\system\BaseModel.php(638): CodeIgniter\Model->doFindAll(0, 0)
#6 C:\xampp\htdocs\WeFit\wefitapp\app\Models\AppointmentModel.php(26): CodeIgniter\BaseModel->findAll()
#7 C:\xampp\htdocs\WeFit\wefitapp\app\Controllers\ClubMemberDashboard.php(14): App\Models\AppointmentModel->viewAppointments()
#8 C:\xampp\htdocs\WeFit\wefitapp\system\CodeIgniter.php(943): App\Controllers\ClubMemberDashboard->index()
#9 C:\xampp\htdocs\WeFit\wefitapp\system\CodeIgniter.php(503): CodeIgniter\CodeIgniter->runController(Object(App\Controllers\ClubMemberDashboard))
#10 C:\xampp\htdocs\WeFit\wefitapp\system\CodeIgniter.php(361): CodeIgniter\CodeIgniter->handleRequest(NULL, Object(Config\Cache), false)
#11 C:\xampp\htdocs\WeFit\wefitapp\public\index.php(79): CodeIgniter\CodeIgniter->run()
#12 {main}
CRITICAL - 2024-04-26 22:23:47 --> CodeIgniter\Database\Exceptions\DatabaseException: Table 'wefit_db.services' doesn't exist
in SYSTEMPATH\Database\BaseConnection.php on line 647.
 1 SYSTEMPATH\Database\BaseBuilder.php(1616): CodeIgniter\Database\BaseConnection->query('SELECT `appointment`.*, `services`.`ServiceName`, `staff`.`FirstName`, `staff`.`LastName`
FROM `appointment`
JOIN `services` ON `services`.`ServiceID` = `appointment`.`ServiceID`
JOIN `staff` ON `staff`.`StaffID` = `appointment`.`StaffID`
WHERE `AppointmentDate` >= :AppointmentDate:', [...], false)
 2 SYSTEMPATH\Model.php(243): CodeIgniter\Database\BaseBuilder->get()
 3 SYSTEMPATH\BaseModel.php(638): CodeIgniter\Model->doFindAll(0, 0)
 4 APPPATH\Models\AppointmentModel.php(26): CodeIgniter\BaseModel->findAll()
 5 APPPATH\Controllers\ClubMemberDashboard.php(14): App\Models\AppointmentModel->viewAppointments()
 6 SYSTEMPATH\CodeIgniter.php(943): App\Controllers\ClubMemberDashboard->index()
 7 SYSTEMPATH\CodeIgniter.php(503): CodeIgniter\CodeIgniter->runController(Object(App\Controllers\ClubMemberDashboard))
 8 SYSTEMPATH\CodeIgniter.php(361): CodeIgniter\CodeIgniter->handleRequest(null, Object(Config\Cache), false)
 9 FCPATH\index.php(79): CodeIgniter\CodeIgniter->run()
CRITICAL - 2024-04-26 22:23:47 --> [Caused by] CodeIgniter\Database\Exceptions\DatabaseException: Table 'wefit_db.services' doesn't exist
in SYSTEMPATH\Database\MySQLi\Connection.php on line 311.
 1 SYSTEMPATH\Database\BaseConnection.php(693): CodeIgniter\Database\MySQLi\Connection->execute('SELECT `appointment`.*, `services`.`ServiceName`, `staff`.`FirstName`, `staff`.`LastName`
FROM `appointment`
JOIN `services` ON `services`.`ServiceID` = `appointment`.`ServiceID`
JOIN `staff` ON `staff`.`StaffID` = `appointment`.`StaffID`
WHERE `AppointmentDate` >= \'2024-04-26\'')
 2 SYSTEMPATH\Database\BaseConnection.php(607): CodeIgniter\Database\BaseConnection->simpleQuery('SELECT `appointment`.*, `services`.`ServiceName`, `staff`.`FirstName`, `staff`.`LastName`
FROM `appointment`
JOIN `services` ON `services`.`ServiceID` = `appointment`.`ServiceID`
JOIN `staff` ON `staff`.`StaffID` = `appointment`.`StaffID`
WHERE `AppointmentDate` >= \'2024-04-26\'')
 3 SYSTEMPATH\Database\BaseBuilder.php(1616): CodeIgniter\Database\BaseConnection->query('SELECT `appointment`.*, `services`.`ServiceName`, `staff`.`FirstName`, `staff`.`LastName`
FROM `appointment`
JOIN `services` ON `services`.`ServiceID` = `appointment`.`ServiceID`
JOIN `staff` ON `staff`.`StaffID` = `appointment`.`StaffID`
WHERE `AppointmentDate` >= :AppointmentDate:', [...], false)
 4 SYSTEMPATH\Model.php(243): CodeIgniter\Database\BaseBuilder->get()
 5 SYSTEMPATH\BaseModel.php(638): CodeIgniter\Model->doFindAll(0, 0)
 6 APPPATH\Models\AppointmentModel.php(26): CodeIgniter\BaseModel->findAll()
 7 APPPATH\Controllers\ClubMemberDashboard.php(14): App\Models\AppointmentModel->viewAppointments()
 8 SYSTEMPATH\CodeIgniter.php(943): App\Controllers\ClubMemberDashboard->index()
 9 SYSTEMPATH\CodeIgniter.php(503): CodeIgniter\CodeIgniter->runController(Object(App\Controllers\ClubMemberDashboard))
10 SYSTEMPATH\CodeIgniter.php(361): CodeIgniter\CodeIgniter->handleRequest(null, Object(Config\Cache), false)
11 FCPATH\index.php(79): CodeIgniter\CodeIgniter->run()
CRITICAL - 2024-04-26 22:23:47 --> [Caused by] mysqli_sql_exception: Table 'wefit_db.services' doesn't exist
in SYSTEMPATH\Database\MySQLi\Connection.php on line 306.
 1 SYSTEMPATH\Database\MySQLi\Connection.php(306): mysqli->query('SELECT `appointment`.*, `services`.`ServiceName`, `staff`.`FirstName`, `staff`.`LastName`
FROM `appointment`
JOIN `services` ON `services`.`ServiceID` = `appointment`.`ServiceID`
JOIN `staff` ON `staff`.`StaffID` = `appointment`.`StaffID`
WHERE `AppointmentDate` >= \'2024-04-26\'', 0)
 2 SYSTEMPATH\Database\BaseConnection.php(693): CodeIgniter\Database\MySQLi\Connection->execute('SELECT `appointment`.*, `services`.`ServiceName`, `staff`.`FirstName`, `staff`.`LastName`
FROM `appointment`
JOIN `services` ON `services`.`ServiceID` = `appointment`.`ServiceID`
JOIN `staff` ON `staff`.`StaffID` = `appointment`.`StaffID`
WHERE `AppointmentDate` >= \'2024-04-26\'')
 3 SYSTEMPATH\Database\BaseConnection.php(607): CodeIgniter\Database\BaseConnection->simpleQuery('SELECT `appointment`.*, `services`.`ServiceName`, `staff`.`FirstName`, `staff`.`LastName`
FROM `appointment`
JOIN `services` ON `services`.`ServiceID` = `appointment`.`ServiceID`
JOIN `staff` ON `staff`.`StaffID` = `appointment`.`StaffID`
WHERE `AppointmentDate` >= \'2024-04-26\'')
 4 SYSTEMPATH\Database\BaseBuilder.php(1616): CodeIgniter\Database\BaseConnection->query('SELECT `appointment`.*, `services`.`ServiceName`, `staff`.`FirstName`, `staff`.`LastName`
FROM `appointment`
JOIN `services` ON `services`.`ServiceID` = `appointment`.`ServiceID`
JOIN `staff` ON `staff`.`StaffID` = `appointment`.`StaffID`
WHERE `AppointmentDate` >= :AppointmentDate:', [...], false)
 5 SYSTEMPATH\Model.php(243): CodeIgniter\Database\BaseBuilder->get()
 6 SYSTEMPATH\BaseModel.php(638): CodeIgniter\Model->doFindAll(0, 0)
 7 APPPATH\Models\AppointmentModel.php(26): CodeIgniter\BaseModel->findAll()
 8 APPPATH\Controllers\ClubMemberDashboard.php(14): App\Models\AppointmentModel->viewAppointments()
 9 SYSTEMPATH\CodeIgniter.php(943): App\Controllers\ClubMemberDashboard->index()
10 SYSTEMPATH\CodeIgniter.php(503): CodeIgniter\CodeIgniter->runController(Object(App\Controllers\ClubMemberDashboard))
11 SYSTEMPATH\CodeIgniter.php(361): CodeIgniter\CodeIgniter->handleRequest(null, Object(Config\Cache), false)
12 FCPATH\index.php(79): CodeIgniter\CodeIgniter->run()
INFO - 2024-04-26 22:33:49 --> Session: Class initialized using 'CodeIgniter\Session\Handlers\FileHandler' driver.
INFO - 2024-04-26 22:34:47 --> Session: Class initialized using 'CodeIgniter\Session\Handlers\FileHandler' driver.
CRITICAL - 2024-04-26 22:41:12 --> Error: Class "App\Controllers\ClubMemberModel" not found
in APPPATH\Controllers\ClubMemberDashboard.php on line 12.
 1 SYSTEMPATH\CodeIgniter.php(943): App\Controllers\ClubMemberDashboard->index()
 2 SYSTEMPATH\CodeIgniter.php(503): CodeIgniter\CodeIgniter->runController(Object(App\Controllers\ClubMemberDashboard))
 3 SYSTEMPATH\CodeIgniter.php(361): CodeIgniter\CodeIgniter->handleRequest(null, Object(Config\Cache), false)
 4 FCPATH\index.php(79): CodeIgniter\CodeIgniter->run()
INFO - 2024-04-26 22:42:16 --> Session: Class initialized using 'CodeIgniter\Session\Handlers\FileHandler' driver.
CRITICAL - 2024-04-26 22:42:16 --> ErrorException: Undefined variable $user
in APPPATH\Controllers\ClubMemberDashboard.php on line 16.
 1 APPPATH\Controllers\ClubMemberDashboard.php(16): CodeIgniter\Debug\Exceptions->errorHandler(2, 'Undefined variable $user', 'C:\\xampp\\htdocs\\WeFit\\wefitapp\\app\\Controllers\\ClubMemberDashboard.php', 16)
 2 SYSTEMPATH\CodeIgniter.php(943): App\Controllers\ClubMemberDashboard->index()
 3 SYSTEMPATH\CodeIgniter.php(503): CodeIgniter\CodeIgniter->runController(Object(App\Controllers\ClubMemberDashboard))
 4 SYSTEMPATH\CodeIgniter.php(361): CodeIgniter\CodeIgniter->handleRequest(null, Object(Config\Cache), false)
 5 FCPATH\index.php(79): CodeIgniter\CodeIgniter->run()
INFO - 2024-04-26 22:43:19 --> Session: Class initialized using 'CodeIgniter\Session\Handlers\FileHandler' driver.
INFO - 2024-04-26 22:44:33 --> Session: Class initialized using 'CodeIgniter\Session\Handlers\FileHandler' driver.
INFO - 2024-04-26 22:44:33 --> Session: Class initialized using 'CodeIgniter\Session\Handlers\FileHandler' driver.
INFO - 2024-04-26 22:45:00 --> Session: Class initialized using 'CodeIgniter\Session\Handlers\FileHandler' driver.
INFO - 2024-04-26 22:45:00 --> Session: Class initialized using 'CodeIgniter\Session\Handlers\FileHandler' driver.
INFO - 2024-04-26 23:05:00 --> Session: Class initialized using 'CodeIgniter\Session\Handlers\FileHandler' driver.
INFO - 2024-04-26 23:05:53 --> Session: Class initialized using 'CodeIgniter\Session\Handlers\FileHandler' driver.
INFO - 2024-04-26 23:07:43 --> Session: Class initialized using 'CodeIgniter\Session\Handlers\FileHandler' driver.
CRITICAL - 2024-04-26 23:48:14 --> ErrorException: Cannot declare class App\Models\ClubMemberModel, because the name is already in use
in APPPATH\Models\FloorStaffModel.php on line 7.
 1 [internal function]: CodeIgniter\Debug\Exceptions->shutdownHandler()
CRITICAL - 2024-04-26 23:48:35 --> BadMethodCallException: Call to undefined method App\Models\FloorStaffModel::validateLogin
in SYSTEMPATH\Model.php on line 879.
 1 APPPATH\Controllers\Login.php(36): CodeIgniter\Model->__call('validateLogin', [...])
 2 SYSTEMPATH\CodeIgniter.php(943): App\Controllers\Login->login()
 3 SYSTEMPATH\CodeIgniter.php(503): CodeIgniter\CodeIgniter->runController(Object(App\Controllers\Login))
 4 SYSTEMPATH\CodeIgniter.php(361): CodeIgniter\CodeIgniter->handleRequest(null, Object(Config\Cache), false)
 5 FCPATH\index.php(79): CodeIgniter\CodeIgniter->run()
INFO - 2024-04-26 23:49:07 --> Session: Class initialized using 'CodeIgniter\Session\Handlers\FileHandler' driver.
CRITICAL - 2024-04-26 23:49:07 --> ErrorException: Undefined variable $staff
in APPPATH\Controllers\Login.php on line 40.
 1 APPPATH\Controllers\Login.php(40): CodeIgniter\Debug\Exceptions->errorHandler(2, 'Undefined variable $staff', 'C:\\xampp\\htdocs\\WeFit\\wefitapp\\app\\Controllers\\Login.php', 40)
 2 SYSTEMPATH\CodeIgniter.php(943): App\Controllers\Login->login()
 3 SYSTEMPATH\CodeIgniter.php(503): CodeIgniter\CodeIgniter->runController(Object(App\Controllers\Login))
 4 SYSTEMPATH\CodeIgniter.php(361): CodeIgniter\CodeIgniter->handleRequest(null, Object(Config\Cache), false)
 5 FCPATH\index.php(79): CodeIgniter\CodeIgniter->run()
INFO - 2024-04-26 23:49:37 --> Session: Class initialized using 'CodeIgniter\Session\Handlers\FileHandler' driver.
INFO - 2024-04-26 23:49:56 --> Session: Class initialized using 'CodeIgniter\Session\Handlers\FileHandler' driver.
CRITICAL - 2024-04-26 23:49:56 --> ErrorException: Undefined variable $user
in APPPATH\Controllers\Login.php on line 31.
 1 APPPATH\Controllers\Login.php(31): CodeIgniter\Debug\Exceptions->errorHandler(2, 'Undefined variable $user', 'C:\\xampp\\htdocs\\WeFit\\wefitapp\\app\\Controllers\\Login.php', 31)
 2 SYSTEMPATH\CodeIgniter.php(943): App\Controllers\Login->login()
 3 SYSTEMPATH\CodeIgniter.php(503): CodeIgniter\CodeIgniter->runController(Object(App\Controllers\Login))
 4 SYSTEMPATH\CodeIgniter.php(361): CodeIgniter\CodeIgniter->handleRequest(null, Object(Config\Cache), false)
 5 FCPATH\index.php(79): CodeIgniter\CodeIgniter->run()
INFO - 2024-04-26 23:50:24 --> Session: Class initialized using 'CodeIgniter\Session\Handlers\FileHandler' driver.
INFO - 2024-04-26 23:50:24 --> Session: Class initialized using 'CodeIgniter\Session\Handlers\FileHandler' driver.
